\BOOKMARK [0][-]{chapter.1}{Nahrung}{}% 1
\BOOKMARK [1][-]{section.1.1}{Siegener Tafel e. V.}{chapter.1}% 2
\BOOKMARK [0][-]{chapter.2}{Fortbewegung}{}% 3
\BOOKMARK [1][-]{section.2.1}{Mobilit\344tsCard}{chapter.2}% 4
\BOOKMARK [0][-]{chapter.3}{Alter}{}% 5
\BOOKMARK [1][-]{section.3.1}{\304lter werden in Siegen}{chapter.3}% 6
\BOOKMARK [0][-]{chapter.4}{Einsamkeit}{}% 7
\BOOKMARK [1][-]{section.4.1}{GEGEN-\334BER Begegnungs- und Beratungsstelle}{chapter.4}% 8
\BOOKMARK [1][-]{section.4.2}{Stolperstein Verein f\374r praktizierte Gastfreundschaft e.V.}{chapter.4}% 9
\BOOKMARK [0][-]{chapter.5}{Kleidung}{}% 10
\BOOKMARK [1][-]{section.5.1}{Der Laden, Kleidung und mehr}{chapter.5}% 11
\BOOKMARK [0][-]{chapter.6}{ENDE}{}% 12
\BOOKMARK [1][-]{section.6.1}{Citation}{chapter.6}% 13
\BOOKMARK [1][-]{section.6.2}{Lists}{chapter.6}% 14
\BOOKMARK [2][-]{subsection.6.2.1}{Numbered List}{section.6.2}% 15
\BOOKMARK [2][-]{subsection.6.2.2}{Bullet Points}{section.6.2}% 16
\BOOKMARK [2][-]{subsection.6.2.3}{Descriptions and Definitions}{section.6.2}% 17
\BOOKMARK [0][-]{chapter.7}{In-text Elements}{}% 18
\BOOKMARK [1][-]{section.7.1}{Theorems}{chapter.7}% 19
\BOOKMARK [2][-]{subsection.7.1.1}{Several equations}{section.7.1}% 20
\BOOKMARK [2][-]{subsection.7.1.2}{Single Line}{section.7.1}% 21
\BOOKMARK [1][-]{section.7.2}{Definitions}{chapter.7}% 22
\BOOKMARK [1][-]{section.7.3}{Notations}{chapter.7}% 23
\BOOKMARK [1][-]{section.7.4}{Remarks}{chapter.7}% 24
\BOOKMARK [1][-]{section.7.5}{Corollaries}{chapter.7}% 25
\BOOKMARK [1][-]{section.7.6}{Propositions}{chapter.7}% 26
\BOOKMARK [2][-]{subsection.7.6.1}{Several equations}{section.7.6}% 27
\BOOKMARK [2][-]{subsection.7.6.2}{Single Line}{section.7.6}% 28
\BOOKMARK [1][-]{section.7.7}{Examples}{chapter.7}% 29
\BOOKMARK [2][-]{subsection.7.7.1}{Equation and Text}{section.7.7}% 30
\BOOKMARK [2][-]{subsection.7.7.2}{Paragraph of Text}{section.7.7}% 31
\BOOKMARK [1][-]{section.7.8}{Exercises}{chapter.7}% 32
\BOOKMARK [1][-]{section.7.9}{Problems}{chapter.7}% 33
\BOOKMARK [1][-]{section.7.10}{Vocabulary}{chapter.7}% 34
\BOOKMARK [0][-]{chapter.8}{Presenting Information}{}% 35
\BOOKMARK [1][-]{section.8.1}{Table}{chapter.8}% 36
\BOOKMARK [1][-]{section.8.2}{Figure}{chapter.8}% 37
\BOOKMARK [0][-]{chapter*.2}{Bibliography}{}% 38
\BOOKMARK [1][-]{section*.3}{Books}{chapter*.2}% 39
\BOOKMARK [1][-]{section*.4}{Articles}{chapter*.2}% 40
